-------------------------------------------------------------------------------
Test set: edu.eci.arsw.covid.CovidApp.CovidAppApplicationTests
-------------------------------------------------------------------------------
Tests run: 1, Failures: 0, Errors: 1, Skipped: 0, Time elapsed: 0.702 s <<< FAILURE! - in edu.eci.arsw.covid.CovidApp.CovidAppApplicationTests
edu.eci.arsw.covid.CovidApp.CovidAppApplicationTests  Time elapsed: 0.699 s  <<< ERROR!
java.lang.IllegalStateException: Unable to find a @SpringBootConfiguration, you need to use @ContextConfiguration or @SpringBootTest(classes=...) with your test

